aff_a/aff_a.c: In function ‘main’:
aff_a/aff_a.c:5:18: warning: passing argument 2 of ‘write’ makes pointer from integer without a cast [-Wint-conversion]
    5 |         write(1, 'a', 1);
      |                  ^~~
      |                  |
      |                  int
In file included from aff_a/aff_a.c:1:
/usr/include/unistd.h:378:45: note: expected ‘const void *’ but argument is of type ‘int’
  378 | extern ssize_t write (int __fd, const void *__buf, size_t __n) __wur
      |                                 ~~~~~~~~~~~~^~~~~
aff_a/aff_a.c:5:9: warning: ‘write’ reading 1 byte from a region of size 0 [-Wstringop-overread]
    5 |         write(1, 'a', 1);
      |         ^~~~~~~~~~~~~~~~
In file included from aff_a/aff_a.c:1:
/usr/include/unistd.h:378:16: note: in a call to function ‘write’ declared with attribute ‘access (read_only, 2, 3)’
  378 | extern ssize_t write (int __fd, const void *__buf, size_t __n) __wur
      |                ^~~~~

a$
-------
a$
-------
a$
-------
$
-------
a$
-------
a$
-------
